<?xml version="1.0" encoding="UTF-8"?>
<!-- Generated by org.testng.reporters.JUnitReportReporter -->
<testsuite hostname="DESKTOP-9RA4ELP" failures="0" tests="1" name="FirstScript.TestNGExample" time="11.134" errors="0" timestamp="2023-03-24T08:20:44 IST" skipped="0">
  <testcase classname="FirstScript.TestNGExample" name="verifyHomepageTitle" time="11.134"/>
  <system-out>
    <![CDATA[URL Lanugers
Expected
Acutal
Expected Vs Actual Printed]]>
  </system-out>
</testsuite> <!-- FirstScript.TestNGExample -->
